offerwall_module/flutter_offerwall_module/.android/plugins_build_output/firebase_core/intermediates/manifest_merge_blame_file/release/manifest-merger-blame-release-report.txt
1<?xml version="1.0" encoding="utf-8"?>
2<manifest xmlns:android="http://schemas.android.com/apk/res/android"
3    package="io.flutter.plugins.firebase.core" >
4
5    <uses-sdk
6        android:minSdkVersion="16"
6-->src/main/AndroidManifest.xml
7        android:targetSdkVersion="16" />
7-->src/main/AndroidManifest.xml
8
9    <application>
9-->src/main/AndroidManifest.xml:4:5-10:19
10        <service android:name="com.google.firebase.components.ComponentDiscoveryService" >
10-->src/main/AndroidManifest.xml:5:9-9:19
10-->src/main/AndroidManifest.xml:5:18-89
11            <meta-data
11-->src/main/AndroidManifest.xml:6:13-8:85
12                android:name="com.google.firebase.components:io.flutter.plugins.firebase.core.FlutterFirebaseCoreRegistrar"
12-->src/main/AndroidManifest.xml:7:17-124
13                android:value="com.google.firebase.components.ComponentRegistrar" />
13-->src/main/AndroidManifest.xml:8:17-82
14        </service>
15    </application>
16
17</manifest>